0 info it worked if it ends with ok
1 verbose cli [ 'C:\\Program Files\\nodejs\\node.exe',
1 verbose cli   'C:\\Users\\Matthew\\AppData\\Roaming\\npm\\node_modules\\npm\\bin\\npm-cli.js',
1 verbose cli   'start' ]
2 info using npm@4.1.1
3 info using node@v7.0.0
4 verbose run-script [ 'prestart', 'start', 'poststart' ]
5 info lifecycle portfolio-site@1.0.0~prestart: portfolio-site@1.0.0
6 silly lifecycle portfolio-site@1.0.0~prestart: no script for prestart, continuing
7 info lifecycle portfolio-site@1.0.0~start: portfolio-site@1.0.0
8 verbose lifecycle portfolio-site@1.0.0~start: unsafe-perm in lifecycle true
9 verbose lifecycle portfolio-site@1.0.0~start: PATH: C:\Users\Matthew\AppData\Roaming\npm\node_modules\npm\bin\node-gyp-bin;C:\Users\Matthew\Documents\GitHub\site\portfolio-site\node_modules\.bin;C:\Users\Matthew\AppData\Local\GitHub\PortableGit_f02737a78695063deace08e96d5042710d3e32db\cmd;C:\Users\Matthew\AppData\Local\GitHub\PortableGit_f02737a78695063deace08e96d5042710d3e32db\usr\bin;C:\Users\Matthew\AppData\Local\GitHub\PortableGit_f02737a78695063deace08e96d5042710d3e32db\usr\share\git-tfs;C:\Users\Matthew\AppData\Local\Apps\2.0\NYPG6LBJ.6HZ\T25V3LTX.1L4\gith..tion_317444273a93ac29_0003.0003_5794af8169eeff14;C:\Users\Matthew\AppData\Local\GitHub\lfs-amd64_1.5.5;C:\Users\Matthew\AppData\Local\Apps\2.0\NYPG6LBJ.6HZ\T25V3LTX.1L4\gith..tion_317444273a93ac29_0003.0003_5794af8169eeff14\NativeBinaries\x86;C:\Program Files (x86)\Common Files\Intel\Shared Libraries\redist\intel64\compiler;C:\Ruby22-x64\bin;C:\Windows\system32;C:\Windows;C:\Windows\System32\Wbem;C:\Windows\System32\WindowsPowerShell\v1.0\;C:\xampp\php;C:\ProgramData\ComposerSetup\bin;C:\Program Files\nodejs\;C:\Windows\system32\config\systemprofile\.dnx\bin;C:\Program Files\Microsoft DNX\Dnvm\;C:\Program Files\Microsoft SQL Server\130\Tools\Binn\;C:\Windows\System32\WindowsPowerShell\v1.0\;C:\Program Files (x86)\QuickTime\QTSystem\;C:\Users\Matthew\AppData\Roaming\Composer\vendor\bin;C:\Users\Matthew\AppData\Roaming\npm;C:\Program Files (x86)\MSBuild\14.0\bin\;C:\Program Files (x86)\Microsoft SDKs\Windows\v8.1A\bin\NETFX 4.5.1 Tools\x64
10 verbose lifecycle portfolio-site@1.0.0~start: CWD: C:\Users\Matthew\Documents\GitHub\site\portfolio-site
11 silly lifecycle portfolio-site@1.0.0~start: Args: [ '/d /s /c', 'webpack-dev-server' ]
12 silly lifecycle portfolio-site@1.0.0~start: Returned: code: 3  signal: null
13 info lifecycle portfolio-site@1.0.0~start: Failed to exec start script
14 verbose stack Error: portfolio-site@1.0.0 start: `webpack-dev-server`
14 verbose stack Exit status 3
14 verbose stack     at EventEmitter.<anonymous> (C:\Users\Matthew\AppData\Roaming\npm\node_modules\npm\lib\utils\lifecycle.js:279:16)
14 verbose stack     at emitTwo (events.js:106:13)
14 verbose stack     at EventEmitter.emit (events.js:191:7)
14 verbose stack     at ChildProcess.<anonymous> (C:\Users\Matthew\AppData\Roaming\npm\node_modules\npm\lib\utils\spawn.js:40:14)
14 verbose stack     at emitTwo (events.js:106:13)
14 verbose stack     at ChildProcess.emit (events.js:191:7)
14 verbose stack     at maybeClose (internal/child_process.js:877:16)
14 verbose stack     at Process.ChildProcess._handle.onexit (internal/child_process.js:226:5)
15 verbose pkgid portfolio-site@1.0.0
16 verbose cwd C:\Users\Matthew\Documents\GitHub\site\portfolio-site
17 error Windows_NT 6.1.7601
18 error argv "C:\\Program Files\\nodejs\\node.exe" "C:\\Users\\Matthew\\AppData\\Roaming\\npm\\node_modules\\npm\\bin\\npm-cli.js" "start"
19 error node v7.0.0
20 error npm  v4.1.1
21 error code ELIFECYCLE
22 error portfolio-site@1.0.0 start: `webpack-dev-server`
22 error Exit status 3
23 error Failed at the portfolio-site@1.0.0 start script 'webpack-dev-server'.
23 error Make sure you have the latest version of node.js and npm installed.
23 error If you do, this is most likely a problem with the portfolio-site package,
23 error not with npm itself.
23 error Tell the author that this fails on your system:
23 error     webpack-dev-server
23 error You can get information on how to open an issue for this project with:
23 error     npm bugs portfolio-site
23 error Or if that isn't available, you can get their info via:
23 error     npm owner ls portfolio-site
23 error There is likely additional logging output above.
24 verbose exit [ 1, true ]
